<?xml version="1.0" encoding="UTF-8"?>
<testng-results skipped="0" failed="0" ignored="0" total="1" passed="1">
  <reporter-output>
  </reporter-output>
  <suite name="Default suite" duration-ms="12221" started-at="2019-10-12T15:33:17 IST" finished-at="2019-10-12T15:33:29 IST">
    <groups>
    </groups>
    <test name="Default test" duration-ms="12221" started-at="2019-10-12T15:33:17 IST" finished-at="2019-10-12T15:33:29 IST">
      <class name="week8.day1.BlueLagoon">
        <test-method status="PASS" signature="main()[pri:0, instance:week8.day1.BlueLagoon@6c49835d]" name="main" duration-ms="12096" started-at="2019-10-12T15:33:17 IST" finished-at="2019-10-12T15:33:29 IST">
          <reporter-output>
          </reporter-output>
        </test-method> <!-- main -->
      </class> <!-- week8.day1.BlueLagoon -->
    </test> <!-- Default test -->
  </suite> <!-- Default suite -->
</testng-results>
